#
# There is insufficient memory for the Java Runtime Environment to continue.
# Native memory allocation (malloc) failed to allocate 1724176 bytes for Chunk::new
# Possible reasons:
#   The system is out of physical RAM or swap space
#   The process is running with CompressedOops enabled, and the Java Heap may be blocking the growth of the native heap
# Possible solutions:
#   Reduce memory load on the system
#   Increase physical memory or swap space
#   Check if swap backing store is full
#   Decrease Java heap size (-Xmx/-Xms)
#   Decrease number of Java threads
#   Decrease Java thread stack sizes (-Xss)
#   Set larger code cache with -XX:ReservedCodeCacheSize=
#   JVM is running with Unscaled Compressed Oops mode in which the Java heap is
#     placed in the first 4GB address space. The Java Heap base address is the
#     maximum limit for the native heap growth. Please use -XX:HeapBaseMinAddress
#     to set the Java Heap base and to place the Java Heap above 4GB virtual address.
# This output file may be truncated or incomplete.
#
#  Out of Memory Error (arena.cpp:189), pid=5300, tid=22028
#
# JRE version: OpenJDK Runtime Environment (17.0.7) (build 17.0.7+0-b2043.56-10550314)
# Java VM: OpenJDK 64-Bit Server VM (17.0.7+0-b2043.56-10550314, mixed mode, tiered, compressed oops, compressed class ptrs, g1 gc, windows-amd64)
# No core dump will be written. Minidumps are not enabled by default on client versions of Windows
#

---------------  S U M M A R Y ------------

Command Line: --add-opens=java.base/java.util=ALL-UNNAMED --add-opens=java.base/java.lang=ALL-UNNAMED --add-opens=java.base/java.lang.invoke=ALL-UNNAMED --add-opens=java.prefs/java.util.prefs=ALL-UNNAMED --add-opens=java.base/java.nio.charset=ALL-UNNAMED --add-opens=java.base/java.net=ALL-UNNAMED --add-opens=java.base/java.util.concurrent.atomic=ALL-UNNAMED -Xmx2048m -Dfile.encoding=UTF-8 -Duser.country=US -Duser.language=en -Duser.variant -javaagent:C:\Users\tt_pe\.gradle\wrapper\dists\gradle-8.2-bin\bbg7u40eoinfdyxsxr3z4i7ta\gradle-8.2\lib\agents\gradle-instrumentation-agent-8.2.jar org.gradle.launcher.daemon.bootstrap.GradleDaemon 8.2

Host: Intel(R) Core(TM) i5-10300H CPU @ 2.50GHz, 8 cores, 7G,  Windows 11 , 64 bit Build 22621 (10.0.22621.3085)
Time: Fri Feb  9 20:11:05 2024 SE Asia Standard Time elapsed time: 5.098560 seconds (0d 0h 0m 5s)

---------------  T H R E A D  ---------------

Current thread (0x000001f2cc0440d0):  JavaThread "C2 CompilerThread0" daemon [_thread_in_native, id=22028, stack(0x0000009252900000,0x0000009252a00000)]


Current CompileTask:
C2:   5098 2359       4       java.net.URLClassLoader$1::run (5 bytes)

Stack: [0x0000009252900000,0x0000009252a00000]
Native frames: (J=compiled Java code, j=interpreted, Vv=VM code, C=native code)
V  [jvm.dll+0x683bfa]
V  [jvm.dll+0x8430a4]
V  [jvm.dll+0x8449be]
V  [jvm.dll+0x845023]
V  [jvm.dll+0x24ad2f]
V  [jvm.dll+0xac25c]
V  [jvm.dll+0xac82c]
V  [jvm.dll+0x36a132]
V  [jvm.dll+0x334821]
V  [jvm.dll+0x333cca]
V  [jvm.dll+0x21d251]
V  [jvm.dll+0x21c671]
V  [jvm.dll+0x1a605d]
V  [jvm.dll+0x22c148]
V  [jvm.dll+0x22a209]
V  [jvm.dll+0x7f858c]
V  [jvm.dll+0x7f2aea]
V  [jvm.dll+0x682a35]
C  [ucrtbase.dll+0x29363]
C  [KERNEL32.DLL+0x1257d]
C  [ntdll.dll+0x5aa58]


---------------  P R O C E S S  ---------------

Threads class SMR info:
_java_thread_list=0x000001f2cdf788c0, length=30, elements={
0x000001f2adcaf570, 0x000001f2cc013020, 0x000001f2cc013e90, 0x000001f2cc02c620,
0x000001f2cc02d2a0, 0x000001f2cc02ed60, 0x000001f2cc02f710, 0x000001f2cc0440d0,
0x000001f2cc048070, 0x000001f2cc048a60, 0x000001f2cc151830, 0x000001f2cc287b60,
0x000001f2cd683800, 0x000001f2cd589450, 0x000001f2cd61b850, 0x000001f2cd83cac0,
0x000001f2cd3ae570, 0x000001f2cdb99890, 0x000001f2cd965da0, 0x000001f2cd9c83d0,
0x000001f2cd9c53b0, 0x000001f2cd9c66f0, 0x000001f2cd9c4ee0, 0x000001f2cd9c5880,
0x000001f2cd9c7560, 0x000001f2cd9c5d50, 0x000001f2cd9c4a10, 0x000001f2cd9c6220,
0x000001f2cd9c6bc0, 0x000001f2cd9c7090
}

Java Threads: ( => current thread )
  0x000001f2adcaf570 JavaThread "main" [_thread_blocked, id=21740, stack(0x0000009251c00000,0x0000009251d00000)]
  0x000001f2cc013020 JavaThread "Reference Handler" daemon [_thread_blocked, id=18992, stack(0x0000009252300000,0x0000009252400000)]
  0x000001f2cc013e90 JavaThread "Finalizer" daemon [_thread_blocked, id=7160, stack(0x0000009252400000,0x0000009252500000)]
  0x000001f2cc02c620 JavaThread "Signal Dispatcher" daemon [_thread_blocked, id=13780, stack(0x0000009252500000,0x0000009252600000)]
  0x000001f2cc02d2a0 JavaThread "Attach Listener" daemon [_thread_blocked, id=22984, stack(0x0000009252600000,0x0000009252700000)]
  0x000001f2cc02ed60 JavaThread "Service Thread" daemon [_thread_blocked, id=2828, stack(0x0000009252700000,0x0000009252800000)]
  0x000001f2cc02f710 JavaThread "Monitor Deflation Thread" daemon [_thread_blocked, id=1692, stack(0x0000009252800000,0x0000009252900000)]
=>0x000001f2cc0440d0 JavaThread "C2 CompilerThread0" daemon [_thread_in_native, id=22028, stack(0x0000009252900000,0x0000009252a00000)]
  0x000001f2cc048070 JavaThread "C1 CompilerThread0" daemon [_thread_blocked, id=22156, stack(0x0000009252a00000,0x0000009252b00000)]
  0x000001f2cc048a60 JavaThread "Sweeper thread" daemon [_thread_blocked, id=13240, stack(0x0000009252b00000,0x0000009252c00000)]
  0x000001f2cc151830 JavaThread "Common-Cleaner" daemon [_thread_blocked, id=21844, stack(0x0000009252c00000,0x0000009252d00000)]
  0x000001f2cc287b60 JavaThread "Notification Thread" daemon [_thread_blocked, id=12560, stack(0x0000009252d00000,0x0000009252e00000)]
  0x000001f2cd683800 JavaThread "Daemon health stats" [_thread_blocked, id=3260, stack(0x0000009253300000,0x0000009253400000)]
  0x000001f2cd589450 JavaThread "Incoming local TCP Connector on port 62921" [_thread_in_native, id=18440, stack(0x0000009253400000,0x0000009253500000)]
  0x000001f2cd61b850 JavaThread "Daemon periodic checks" [_thread_blocked, id=19204, stack(0x0000009253500000,0x0000009253600000)]
  0x000001f2cd83cac0 JavaThread "Daemon" [_thread_blocked, id=3004, stack(0x0000009253600000,0x0000009253700000)]
  0x000001f2cd3ae570 JavaThread "Handler for socket connection from /127.0.0.1:62921 to /127.0.0.1:62924" [_thread_in_native, id=24448, stack(0x0000009253700000,0x0000009253800000)]
  0x000001f2cdb99890 JavaThread "Cancel handler" [_thread_blocked, id=6072, stack(0x0000009253800000,0x0000009253900000)]
  0x000001f2cd965da0 JavaThread "Daemon worker" [_thread_in_vm, id=12328, stack(0x0000009253900000,0x0000009253a00000)]
  0x000001f2cd9c83d0 JavaThread "Asynchronous log dispatcher for DefaultDaemonConnection: socket connection from /127.0.0.1:62921 to /127.0.0.1:62924" [_thread_blocked, id=11212, stack(0x0000009253a00000,0x0000009253b00000)]
  0x000001f2cd9c53b0 JavaThread "Stdin handler" [_thread_blocked, id=20800, stack(0x0000009253b00000,0x0000009253c00000)]
  0x000001f2cd9c66f0 JavaThread "Daemon client event forwarder" [_thread_blocked, id=13396, stack(0x0000009253c00000,0x0000009253d00000)]
  0x000001f2cd9c4ee0 JavaThread "Cache worker for journal cache (C:\Users\tt_pe\.gradle\caches\journal-1)" [_thread_blocked, id=4100, stack(0x0000009254100000,0x0000009254200000)]
  0x000001f2cd9c5880 JavaThread "File lock request listener" [_thread_in_native, id=14428, stack(0x0000009254200000,0x0000009254300000)]
  0x000001f2cd9c7560 JavaThread "Cache worker for file hash cache (C:\Users\tt_pe\.gradle\caches\8.2\fileHashes)" [_thread_blocked, id=17312, stack(0x0000009254300000,0x0000009254400000)]
  0x000001f2cd9c5d50 JavaThread "File watcher server" daemon [_thread_in_native, id=11880, stack(0x0000009254400000,0x0000009254500000)]
  0x000001f2cd9c4a10 JavaThread "File watcher consumer" daemon [_thread_blocked, id=16116, stack(0x0000009254500000,0x0000009254600000)]
  0x000001f2cd9c6220 JavaThread "Cache worker for checksums cache (C:\Users\tt_pe\AndroidStudioProjects\Proj_App\.gradle\8.2\checksums)" [_thread_blocked, id=24068, stack(0x0000009254600000,0x0000009254700000)]
  0x000001f2cd9c6bc0 JavaThread "Cache worker for cache directory md-rule (C:\Users\tt_pe\.gradle\caches\8.2\md-rule)" [_thread_blocked, id=14512, stack(0x0000009254700000,0x0000009254800000)]
  0x000001f2cd9c7090 JavaThread "Cache worker for file content cache (C:\Users\tt_pe\.gradle\caches\8.2\fileContent)" [_thread_blocked, id=13572, stack(0x0000009254800000,0x0000009254900000)]

Other Threads:
  0x000001f2c7b15050 VMThread "VM Thread" [stack: 0x0000009252200000,0x0000009252300000] [id=12236]
  0x000001f2add32590 WatcherThread [stack: 0x0000009252e00000,0x0000009252f00000] [id=14540]
  0x000001f2add0c5e0 GCTaskThread "GC Thread#0" [stack: 0x0000009251d00000,0x0000009251e00000] [id=18700]
  0x000001f2ccdbb0b0 GCTaskThread "GC Thread#1" [stack: 0x0000009253000000,0x0000009253100000] [id=19076]
  0x000001f2ccdbb360 GCTaskThread "GC Thread#2" [stack: 0x0000009253100000,0x0000009253200000] [id=14324]
  0x000001f2cd167480 GCTaskThread "GC Thread#3" [stack: 0x0000009253200000,0x0000009253300000] [id=14140]
  0x000001f2ccf43620 GCTaskThread "GC Thread#4" [stack: 0x0000009252f00000,0x0000009253000000] [id=1548]
  0x000001f2cd67c8b0 GCTaskThread "GC Thread#5" [stack: 0x0000009253d00000,0x0000009253e00000] [id=15644]
  0x000001f2cd67cb60 GCTaskThread "GC Thread#6" [stack: 0x0000009253e00000,0x0000009253f00000] [id=10016]
  0x000001f2cdaf0070 GCTaskThread "GC Thread#7" [stack: 0x0000009253f00000,0x0000009254000000] [id=13892]
  0x000001f2add1d520 ConcurrentGCThread "G1 Main Marker" [stack: 0x0000009251e00000,0x0000009251f00000] [id=19980]
  0x000001f2add1e6d0 ConcurrentGCThread "G1 Conc#0" [stack: 0x0000009251f00000,0x0000009252000000] [id=9968]
  0x000001f2cdbdfce0 ConcurrentGCThread "G1 Conc#1" [stack: 0x0000009254000000,0x0000009254100000] [id=21360]
  0x000001f2add6eca0 ConcurrentGCThread "G1 Refine#0" [stack: 0x0000009252000000,0x0000009252100000] [id=22496]
  0x000001f2c7968830 ConcurrentGCThread "G1 Service" [stack: 0x0000009252100000,0x0000009252200000] [id=8532]

Threads with active compile tasks:
C2 CompilerThread0     5129 2359       4       java.net.URLClassLoader$1::run (5 bytes)
C1 CompilerThread0     5129 2606       3       sun.reflect.annotation.AnnotationParser$1::run (40 bytes)

VM state: not at safepoint (normal execution)

VM Mutex/Monitor currently owned by a thread: None

Heap address: 0x0000000080000000, size: 2048 MB, Compressed Oops mode: 32-bit

CDS archive(s) not mapped
Compressed class space mapped at: 0x0000000100000000-0x0000000140000000, reserved size: 1073741824
Narrow klass base: 0x0000000000000000, Narrow klass shift: 3, Narrow klass range: 0x140000000

GC Precious Log:
 CPUs: 8 total, 8 available
 Memory: 8029M
 Large Page Support: Disabled
 NUMA Support: Disabled
 Compressed Oops: Enabled (32-bit)
 Heap Region Size: 1M
 Heap Min Capacity: 8M
 Heap Initial Capacity: 126M
 Heap Max Capacity: 2G
 Pre-touch: Disabled
 Parallel Workers: 8
 Concurrent Workers: 2
 Concurrent Refinement Workers: 8
 Periodic GC: Disabled

Heap:
 garbage-first heap   total 68608K, used 27990K [0x0000000080000000, 0x0000000100000000)
  region size 1024K, 11 young (11264K), 4 survivors (4096K)
 Metaspace       used 30610K, committed 30912K, reserved 1114112K
  class space    used 4156K, committed 4288K, reserved 1048576K

Heap Regions: E=young(eden), S=young(survivor), O=old, HS=humongous(starts), HC=humongous(continues), CS=collection set, F=free, OA=open archive, CA=closed archive, TAMS=top-at-mark-start (previous, next)
|   0|0x0000000080000000, 0x0000000080100000, 0x0000000080100000|100%|HS|  |TAMS 0x0000000080100000, 0x0000000080000000| Complete 
|   1|0x0000000080100000, 0x0000000080200000, 0x0000000080200000|100%|HC|  |TAMS 0x0000000080200000, 0x0000000080100000| Complete 
|   2|0x0000000080200000, 0x0000000080300000, 0x0000000080300000|100%|HC|  |TAMS 0x0000000080300000, 0x0000000080200000| Complete 
|   3|0x0000000080300000, 0x0000000080400000, 0x0000000080400000|100%|HC|  |TAMS 0x0000000080400000, 0x0000000080300000| Complete 
|   4|0x0000000080400000, 0x0000000080500000, 0x0000000080500000|100%| O|  |TAMS 0x0000000080500000, 0x0000000080400000| Untracked 
|   5|0x0000000080500000, 0x0000000080600000, 0x0000000080600000|100%| O|  |TAMS 0x0000000080600000, 0x0000000080500000| Untracked 
|   6|0x0000000080600000, 0x0000000080700000, 0x0000000080700000|100%| O|  |TAMS 0x0000000080700000, 0x0000000080600000| Untracked 
|   7|0x0000000080700000, 0x0000000080800000, 0x0000000080800000|100%| O|  |TAMS 0x0000000080700000, 0x0000000080700000| Untracked 
|   8|0x0000000080800000, 0x0000000080900000, 0x0000000080900000|100%| O|  |TAMS 0x0000000080900000, 0x0000000080800000| Untracked 
|   9|0x0000000080900000, 0x0000000080a00000, 0x0000000080a00000|100%| O|  |TAMS 0x0000000080a00000, 0x0000000080900000| Untracked 
|  10|0x0000000080a00000, 0x0000000080b00000, 0x0000000080b00000|100%| O|  |TAMS 0x0000000080b00000, 0x0000000080a00000| Untracked 
|  11|0x0000000080b00000, 0x0000000080b1e600, 0x0000000080c00000| 11%| O|  |TAMS 0x0000000080b1e600, 0x0000000080b00000| Untracked 
|  12|0x0000000080c00000, 0x0000000080d00000, 0x0000000080d00000|100%| O|  |TAMS 0x0000000080c00000, 0x0000000080c00000| Untracked 
|  13|0x0000000080d00000, 0x0000000080e00000, 0x0000000080e00000|100%| O|  |TAMS 0x0000000080d00000, 0x0000000080d00000| Untracked 
|  14|0x0000000080e00000, 0x0000000080f00000, 0x0000000080f00000|100%| O|  |TAMS 0x0000000080e00000, 0x0000000080e00000| Untracked 
|  15|0x0000000080f00000, 0x0000000081000000, 0x0000000081000000|100%| O|  |TAMS 0x0000000080f00000, 0x0000000080f00000| Untracked 
|  16|0x0000000081000000, 0x0000000081100000, 0x0000000081100000|100%| O|  |TAMS 0x0000000081000000, 0x0000000081000000| Untracked 
|  17|0x0000000081100000, 0x0000000081200000, 0x0000000081200000|100%| O|  |TAMS 0x0000000081100000, 0x0000000081100000| Untracked 
|  18|0x0000000081200000, 0x00000000812da000, 0x0000000081300000| 85%| O|  |TAMS 0x0000000081200000, 0x0000000081200000| Untracked 
|  19|0x0000000081300000, 0x0000000081300000, 0x0000000081400000|  0%| F|  |TAMS 0x0000000081300000, 0x0000000081300000| Untracked 
|  20|0x0000000081400000, 0x0000000081400000, 0x0000000081500000|  0%| F|  |TAMS 0x0000000081400000, 0x0000000081400000| Untracked 
|  21|0x0000000081500000, 0x0000000081500000, 0x0000000081600000|  0%| F|  |TAMS 0x0000000081500000, 0x0000000081500000| Untracked 
|  22|0x0000000081600000, 0x0000000081600000, 0x0000000081700000|  0%| F|  |TAMS 0x0000000081600000, 0x0000000081600000| Untracked 
|  23|0x0000000081700000, 0x0000000081700000, 0x0000000081800000|  0%| F|  |TAMS 0x0000000081700000, 0x0000000081700000| Untracked 
|  24|0x0000000081800000, 0x0000000081800000, 0x0000000081900000|  0%| F|  |TAMS 0x0000000081800000, 0x0000000081800000| Untracked 
|  25|0x0000000081900000, 0x0000000081900000, 0x0000000081a00000|  0%| F|  |TAMS 0x0000000081900000, 0x0000000081900000| Untracked 
|  26|0x0000000081a00000, 0x0000000081a00000, 0x0000000081b00000|  0%| F|  |TAMS 0x0000000081a00000, 0x0000000081a00000| Untracked 
|  27|0x0000000081b00000, 0x0000000081b00000, 0x0000000081c00000|  0%| F|  |TAMS 0x0000000081b00000, 0x0000000081b00000| Untracked 
|  28|0x0000000081c00000, 0x0000000081c00000, 0x0000000081d00000|  0%| F|  |TAMS 0x0000000081c00000, 0x0000000081c00000| Untracked 
|  29|0x0000000081d00000, 0x0000000081d00000, 0x0000000081e00000|  0%| F|  |TAMS 0x0000000081d00000, 0x0000000081d00000| Untracked 
|  30|0x0000000081e00000, 0x0000000081e00000, 0x0000000081f00000|  0%| F|  |TAMS 0x0000000081e00000, 0x0000000081e00000| Untracked 
|  31|0x0000000081f00000, 0x0000000081f00000, 0x0000000082000000|  0%| F|  |TAMS 0x0000000081f00000, 0x0000000081f00000| Untracked 
|  32|0x0000000082000000, 0x0000000082000000, 0x0000000082100000|  0%| F|  |TAMS 0x0000000082000000, 0x0000000082000000| Untracked 
|  33|0x0000000082100000, 0x0000000082100000, 0x0000000082200000|  0%| F|  |TAMS 0x0000000082100000, 0x0000000082100000| Untracked 
|  34|0x0000000082200000, 0x0000000082200000, 0x0000000082300000|  0%| F|  |TAMS 0x0000000082200000, 0x0000000082200000| Untracked 
|  35|0x0000000082300000, 0x0000000082300000, 0x0000000082400000|  0%| F|  |TAMS 0x0000000082300000, 0x0000000082300000| Untracked 
|  36|0x0000000082400000, 0x000000008245d580, 0x0000000082500000| 36%| S|CS|TAMS 0x0000000082400000, 0x0000000082400000| Complete 
|  37|0x0000000082500000, 0x0000000082600000, 0x0000000082600000|100%| S|CS|TAMS 0x0000000082500000, 0x0000000082500000| Complete 
|  38|0x0000000082600000, 0x0000000082700000, 0x0000000082700000|100%| S|CS|TAMS 0x0000000082600000, 0x0000000082600000| Complete 
|  39|0x0000000082700000, 0x0000000082800000, 0x0000000082800000|100%| S|CS|TAMS 0x0000000082700000, 0x0000000082700000| Complete 
|  40|0x0000000082800000, 0x0000000082800000, 0x0000000082900000|  0%| F|  |TAMS 0x0000000082800000, 0x0000000082800000| Untracked 
|  41|0x0000000082900000, 0x0000000082900000, 0x0000000082a00000|  0%| F|  |TAMS 0x0000000082900000, 0x0000000082900000| Untracked 
|  42|0x0000000082a00000, 0x0000000082a00000, 0x0000000082b00000|  0%| F|  |TAMS 0x0000000082a00000, 0x0000000082a00000| Untracked 
|  43|0x0000000082b00000, 0x0000000082b00000, 0x0000000082c00000|  0%| F|  |TAMS 0x0000000082b00000, 0x0000000082b00000| Untracked 
|  44|0x0000000082c00000, 0x0000000082c00000, 0x0000000082d00000|  0%| F|  |TAMS 0x0000000082c00000, 0x0000000082c00000| Untracked 
|  45|0x0000000082d00000, 0x0000000082d00000, 0x0000000082e00000|  0%| F|  |TAMS 0x0000000082d00000, 0x0000000082d00000| Untracked 
|  46|0x0000000082e00000, 0x0000000082e00000, 0x0000000082f00000|  0%| F|  |TAMS 0x0000000082e00000, 0x0000000082e00000| Untracked 
|  47|0x0000000082f00000, 0x0000000082f00000, 0x0000000083000000|  0%| F|  |TAMS 0x0000000082f00000, 0x0000000082f00000| Untracked 
|  48|0x0000000083000000, 0x0000000083000000, 0x0000000083100000|  0%| F|  |TAMS 0x0000000083000000, 0x0000000083000000| Untracked 
|  49|0x0000000083100000, 0x0000000083100000, 0x0000000083200000|  0%| F|  |TAMS 0x0000000083100000, 0x0000000083100000| Untracked 
|  50|0x0000000083200000, 0x0000000083200000, 0x0000000083300000|  0%| F|  |TAMS 0x0000000083200000, 0x0000000083200000| Untracked 
|  51|0x0000000083300000, 0x0000000083300000, 0x0000000083400000|  0%| F|  |TAMS 0x0000000083300000, 0x0000000083300000| Untracked 
|  52|0x0000000083400000, 0x0000000083400000, 0x0000000083500000|  0%| F|  |TAMS 0x0000000083400000, 0x0000000083400000| Untracked 
|  53|0x0000000083500000, 0x0000000083500000, 0x0000000083600000|  0%| F|  |TAMS 0x0000000083500000, 0x0000000083500000| Untracked 
|  54|0x0000000083600000, 0x0000000083600000, 0x0000000083700000|  0%| F|  |TAMS 0x0000000083600000, 0x0000000083600000| Untracked 
|  55|0x0000000083700000, 0x0000000083700000, 0x0000000083800000|  0%| F|  |TAMS 0x0000000083700000, 0x0000000083700000| Untracked 
|  56|0x0000000083800000, 0x0000000083800000, 0x0000000083900000|  0%| F|  |TAMS 0x0000000083800000, 0x0000000083800000| Untracked 
|  57|0x0000000083900000, 0x0000000083900000, 0x0000000083a00000|  0%| F|  |TAMS 0x0000000083900000, 0x0000000083900000| Untracked 
|  70|0x0000000084600000, 0x0000000084600000, 0x0000000084700000|  0%| F|  |TAMS 0x0000000084600000, 0x0000000084600000| Untracked 
|  71|0x0000000084700000, 0x0000000084700000, 0x0000000084800000|  0%| F|  |TAMS 0x0000000084700000, 0x0000000084700000| Untracked 
|  72|0x0000000084800000, 0x0000000084866fc0, 0x0000000084900000| 40%| E|  |TAMS 0x0000000084800000, 0x0000000084800000| Complete 
|  73|0x0000000084900000, 0x0000000084a00000, 0x0000000084a00000|100%| E|CS|TAMS 0x0000000084900000, 0x0000000084900000| Complete 
|  74|0x0000000084a00000, 0x0000000084b00000, 0x0000000084b00000|100%| E|CS|TAMS 0x0000000084a00000, 0x0000000084a00000| Complete 
|  75|0x0000000084b00000, 0x0000000084c00000, 0x0000000084c00000|100%| E|CS|TAMS 0x0000000084b00000, 0x0000000084b00000| Complete 
|  76|0x0000000084c00000, 0x0000000084d00000, 0x0000000084d00000|100%| E|CS|TAMS 0x0000000084c00000, 0x0000000084c00000| Complete 
|  77|0x0000000084d00000, 0x0000000084e00000, 0x0000000084e00000|100%| E|CS|TAMS 0x0000000084d00000, 0x0000000084d00000| Complete 
| 125|0x0000000087d00000, 0x0000000087e00000, 0x0000000087e00000|100%| E|CS|TAMS 0x0000000087d00000, 0x0000000087d00000| Complete 

Card table byte_map: [0x000001f2c08b0000,0x000001f2c0cb0000] _byte_map_base: 0x000001f2c04b0000

Marking Bits (Prev, Next): (CMBitMap*) 0x000001f2add0cc30, (CMBitMap*) 0x000001f2add0cbf0
 Prev Bits: [0x000001f2c30b0000, 0x000001f2c50b0000)
 Next Bits: [0x000001f2c10b0000, 0x000001f2c30b0000)

Polling page: 0x000001f2ad470000

Metaspace:

Usage:
  Non-class:     25.85 MB used.
      Class:      4.06 MB used.
       Both:     29.91 MB used.

Virtual space:
  Non-class space:       64.00 MB reserved,      26.00 MB ( 41%) committed,  1 nodes.
      Class space:        1.00 GB reserved,       4.19 MB ( <1%) committed,  1 nodes.
             Both:        1.06 GB reserved,      30.19 MB (  3%) committed. 

Chunk freelists:
   Non-Class:  6.00 MB
       Class:  11.66 MB
        Both:  17.66 MB

MaxMetaspaceSize: unlimited
CompressedClassSpaceSize: 1.00 GB
Initial GC threshold: 21.00 MB
Current GC threshold: 35.12 MB
CDS: off
MetaspaceReclaimPolicy: balanced
 - commit_granule_bytes: 65536.
 - commit_granule_words: 8192.
 - virtual_space_node_default_size: 8388608.
 - enlarge_chunks_in_place: 1.
 - new_chunks_are_fully_committed: 0.
 - uncommit_free_chunks: 1.
 - use_allocation_guard: 0.
 - handle_deallocations: 1.


Internal statistics:

num_allocs_failed_limit: 3.
num_arena_births: 230.
num_arena_deaths: 0.
num_vsnodes_births: 2.
num_vsnodes_deaths: 0.
num_space_committed: 483.
num_space_uncommitted: 0.
num_chunks_returned_to_freelist: 3.
num_chunks_taken_from_freelist: 1021.
num_chunk_merges: 3.
num_chunk_splits: 681.
num_chunks_enlarged: 494.
num_inconsistent_stats: 0.

CodeHeap 'non-profiled nmethods': size=120000Kb used=1251Kb max_used=1251Kb free=118748Kb
 bounds [0x000001f2b8c50000, 0x000001f2b8ec0000, 0x000001f2c0180000]
CodeHeap 'profiled nmethods': size=120000Kb used=5436Kb max_used=5436Kb free=114564Kb
 bounds [0x000001f2b1180000, 0x000001f2b16d0000, 0x000001f2b86b0000]
CodeHeap 'non-nmethods': size=5760Kb used=1232Kb max_used=1301Kb free=4527Kb
 bounds [0x000001f2b86b0000, 0x000001f2b8920000, 0x000001f2b8c50000]
 total_blobs=3132 nmethods=2593 adapters=451
 compilation: enabled
              stopped_count=0, restarted_count=0
 full_count=0

Compilation events (20 events):
Event: 5.057 Thread 0x000001f2cc048070 2570       3       org.objectweb.asm.Type::getDescriptor (93 bytes)
Event: 5.058 Thread 0x000001f2cc048070 nmethod 2570 0x000001f2b16be210 code [0x000001f2b16be480, 0x000001f2b16bec08]
Event: 5.058 Thread 0x000001f2cc048070 2571       3       org.objectweb.asm.ByteVector::<init> (13 bytes)
Event: 5.058 Thread 0x000001f2cc048070 nmethod 2571 0x000001f2b16bef10 code [0x000001f2b16bf0c0, 0x000001f2b16bf318]
Event: 5.058 Thread 0x000001f2cc048070 2572       3       org.objectweb.asm.ByteVector::putByteArray (49 bytes)
Event: 5.058 Thread 0x000001f2cc048070 nmethod 2572 0x000001f2b16bf410 code [0x000001f2b16bf5c0, 0x000001f2b16bf898]
Event: 5.067 Thread 0x000001f2cc048070 2573       3       com.google.common.cache.LocalCache::expiresAfterAccess (15 bytes)
Event: 5.067 Thread 0x000001f2cc048070 nmethod 2573 0x000001f2b16bf990 code [0x000001f2b16bfb20, 0x000001f2b16bfc98]
Event: 5.089 Thread 0x000001f2cc048070 2574       3       java.lang.Class::protectionDomain (48 bytes)
Event: 5.090 Thread 0x000001f2cc048070 nmethod 2574 0x000001f2b16bfd10 code [0x000001f2b16bff40, 0x000001f2b16c05b8]
Event: 5.092 Thread 0x000001f2cc048070 2575       3       java.util.concurrent.locks.ReentrantLock::lock (8 bytes)
Event: 5.092 Thread 0x000001f2cc048070 nmethod 2575 0x000001f2b16c0810 code [0x000001f2b16c09c0, 0x000001f2b16c0c78]
Event: 5.092 Thread 0x000001f2cc048070 2576       3       java.util.concurrent.locks.ReentrantLock$Sync::lock (13 bytes)
Event: 5.092 Thread 0x000001f2cc048070 nmethod 2576 0x000001f2b16c0d90 code [0x000001f2b16c0f40, 0x000001f2b16c1178]
Event: 5.094 Thread 0x000001f2cc048070 2577       3       org.objectweb.asm.SymbolTable::hash (15 bytes)
Event: 5.094 Thread 0x000001f2cc048070 nmethod 2577 0x000001f2b16c1210 code [0x000001f2b16c13c0, 0x000001f2b16c1558]
Event: 5.094 Thread 0x000001f2cc048070 2578       3       org.gradle.model.internal.asm.MethodVisitorScope::<init> (8 bytes)
Event: 5.094 Thread 0x000001f2cc048070 nmethod 2578 0x000001f2b16c1690 code [0x000001f2b16c1820, 0x000001f2b16c1968]
Event: 5.095 Thread 0x000001f2cc048070 2579       1       com.google.common.cache.CacheBuilder::getStatsCounterSupplier (5 bytes)
Event: 5.095 Thread 0x000001f2cc048070 nmethod 2579 0x000001f2b8d88010 code [0x000001f2b8d881a0, 0x000001f2b8d88278]

GC Heap History (10 events):
Event: 0.780 GC heap before
{Heap before GC invocations=0 (full 0):
 garbage-first heap   total 129024K, used 26624K [0x0000000080000000, 0x0000000100000000)
  region size 1024K, 23 young (23552K), 0 survivors (0K)
 Metaspace       used 10480K, committed 10624K, reserved 1114112K
  class space    used 1089K, committed 1152K, reserved 1048576K
}
Event: 0.787 GC heap after
{Heap after GC invocations=1 (full 0):
 garbage-first heap   total 129024K, used 10235K [0x0000000080000000, 0x0000000100000000)
  region size 1024K, 3 young (3072K), 3 survivors (3072K)
 Metaspace       used 10480K, committed 10624K, reserved 1114112K
  class space    used 1089K, committed 1152K, reserved 1048576K
}
Event: 1.215 GC heap before
{Heap before GC invocations=1 (full 0):
 garbage-first heap   total 129024K, used 37883K [0x0000000080000000, 0x0000000100000000)
  region size 1024K, 30 young (30720K), 3 survivors (3072K)
 Metaspace       used 11439K, committed 11648K, reserved 1114112K
  class space    used 1195K, committed 1280K, reserved 1048576K
}
Event: 1.220 GC heap after
{Heap after GC invocations=2 (full 0):
 garbage-first heap   total 129024K, used 13806K [0x0000000080000000, 0x0000000100000000)
  region size 1024K, 3 young (3072K), 3 survivors (3072K)
 Metaspace       used 11439K, committed 11648K, reserved 1114112K
  class space    used 1195K, committed 1280K, reserved 1048576K
}
Event: 2.717 GC heap before
{Heap before GC invocations=2 (full 0):
 garbage-first heap   total 129024K, used 58862K [0x0000000080000000, 0x0000000100000000)
  region size 1024K, 48 young (49152K), 3 survivors (3072K)
 Metaspace       used 21322K, committed 21504K, reserved 1114112K
  class space    used 2577K, committed 2688K, reserved 1048576K
}
Event: 2.735 GC heap after
{Heap after GC invocations=3 (full 0):
 garbage-first heap   total 129024K, used 18357K [0x0000000080000000, 0x0000000100000000)
  region size 1024K, 8 young (8192K), 8 survivors (8192K)
 Metaspace       used 21322K, committed 21504K, reserved 1114112K
  class space    used 2577K, committed 2688K, reserved 1048576K
}
Event: 4.375 GC heap before
{Heap before GC invocations=4 (full 0):
 garbage-first heap   total 68608K, used 51125K [0x0000000080000000, 0x0000000100000000)
  region size 1024K, 40 young (40960K), 8 survivors (8192K)
 Metaspace       used 25983K, committed 26240K, reserved 1114112K
  class space    used 3393K, committed 3520K, reserved 1048576K
}
Event: 4.381 GC heap after
{Heap after GC invocations=5 (full 0):
 garbage-first heap   total 68608K, used 20449K [0x0000000080000000, 0x0000000100000000)
  region size 1024K, 2 young (2048K), 2 survivors (2048K)
 Metaspace       used 25983K, committed 26240K, reserved 1114112K
  class space    used 3393K, committed 3520K, reserved 1048576K
}
Event: 5.030 GC heap before
{Heap before GC invocations=5 (full 0):
 garbage-first heap   total 68608K, used 47073K [0x0000000080000000, 0x0000000100000000)
  region size 1024K, 29 young (29696K), 2 survivors (2048K)
 Metaspace       used 29811K, committed 30144K, reserved 1114112K
  class space    used 4010K, committed 4160K, reserved 1048576K
}
Event: 5.033 GC heap after
{Heap after GC invocations=6 (full 0):
 garbage-first heap   total 68608K, used 21846K [0x0000000080000000, 0x0000000100000000)
  region size 1024K, 4 young (4096K), 4 survivors (4096K)
 Metaspace       used 29811K, committed 30144K, reserved 1114112K
  class space    used 4010K, committed 4160K, reserved 1048576K
}

Dll operation events (3 events):
Event: 0.013 Loaded shared library C:\Program Files\Android\Android Studio1\jbr\bin\java.dll
Event: 0.141 Loaded shared library C:\Program Files\Android\Android Studio1\jbr\bin\zip.dll
Event: 0.408 Loaded shared library C:\Program Files\Android\Android Studio1\jbr\bin\verify.dll

Deoptimization events (20 events):
Event: 3.845 Thread 0x000001f2cd965da0 DEOPT PACKING pc=0x000001f2b8c71468 sp=0x00000092539fcd50
Event: 3.845 Thread 0x000001f2cd965da0 DEOPT UNPACKING pc=0x000001f2b87069a3 sp=0x00000092539fccf8 mode 2
Event: 3.847 Thread 0x000001f2cd965da0 Uncommon trap: trap_request=0xffffff45 fr.pc=0x000001f2b8cc94a8 relative=0x0000000000000608
Event: 3.847 Thread 0x000001f2cd965da0 Uncommon trap: reason=unstable_if action=reinterpret pc=0x000001f2b8cc94a8 method=java.io.File.getName()Ljava/lang/String; @ 16 c2
Event: 3.847 Thread 0x000001f2cd965da0 DEOPT PACKING pc=0x000001f2b8cc94a8 sp=0x00000092539fccf0
Event: 3.847 Thread 0x000001f2cd965da0 DEOPT UNPACKING pc=0x000001f2b87069a3 sp=0x00000092539fccc0 mode 2
Event: 3.936 Thread 0x000001f2cd965da0 DEOPT PACKING pc=0x000001f2b15061d4 sp=0x00000092539fa700
Event: 3.936 Thread 0x000001f2cd965da0 DEOPT UNPACKING pc=0x000001f2b8707143 sp=0x00000092539f9c58 mode 0
Event: 4.397 Thread 0x000001f2cd965da0 Uncommon trap: trap_request=0xffffff45 fr.pc=0x000001f2b8d6972c relative=0x000000000000018c
Event: 4.397 Thread 0x000001f2cd965da0 Uncommon trap: reason=unstable_if action=reinterpret pc=0x000001f2b8d6972c method=java.util.HashMap.getNode(Ljava/lang/Object;)Ljava/util/HashMap$Node; @ 131 c2
Event: 4.397 Thread 0x000001f2cd965da0 DEOPT PACKING pc=0x000001f2b8d6972c sp=0x00000092539fad20
Event: 4.397 Thread 0x000001f2cd965da0 DEOPT UNPACKING pc=0x000001f2b87069a3 sp=0x00000092539fac30 mode 2
Event: 4.573 Thread 0x000001f2cd965da0 Uncommon trap: trap_request=0xffffff45 fr.pc=0x000001f2b8c86b04 relative=0x00000000000000e4
Event: 4.573 Thread 0x000001f2cd965da0 Uncommon trap: reason=unstable_if action=reinterpret pc=0x000001f2b8c86b04 method=java.util.HashMap.hash(Ljava/lang/Object;)I @ 1 c2
Event: 4.573 Thread 0x000001f2cd965da0 DEOPT PACKING pc=0x000001f2b8c86b04 sp=0x00000092539f9c40
Event: 4.573 Thread 0x000001f2cd965da0 DEOPT UNPACKING pc=0x000001f2b87069a3 sp=0x00000092539f9b80 mode 2
Event: 4.892 Thread 0x000001f2cd965da0 Uncommon trap: trap_request=0xffffff45 fr.pc=0x000001f2b8d12aa0 relative=0x0000000000000620
Event: 4.892 Thread 0x000001f2cd965da0 Uncommon trap: reason=unstable_if action=reinterpret pc=0x000001f2b8d12aa0 method=java.util.Properties$LineReader.readLine()I @ 95 c2
Event: 4.892 Thread 0x000001f2cd965da0 DEOPT PACKING pc=0x000001f2b8d12aa0 sp=0x00000092539fb2a0
Event: 4.892 Thread 0x000001f2cd965da0 DEOPT UNPACKING pc=0x000001f2b87069a3 sp=0x00000092539fb250 mode 2

Classes unloaded (0 events):
No events

Classes redefined (0 events):
No events

Internal exceptions (20 events):
Event: 2.746 Thread 0x000001f2cd965da0 Exception <a 'java/lang/NoSuchMethodError'{0x0000000087d84cd0}: 'java.lang.Object java.lang.invoke.DirectMethodHandle$Holder.invokeSpecial(java.lang.Object, java.lang.Object, java.lang.Object, java.lang.Object, java.lang.Object, java.lang.Object, java.lang.Object, java.lang.Object, java.lang.Object, java.lang.Object, java.lang.Object)'> (0x0000000087d84cd0) 
thrown [s\src\hotspot\share\interpreter\linkResolver.cpp, line 771]
Event: 3.101 Thread 0x000001f2cd965da0 Exception <a 'java/lang/NoSuchMethodError'{0x0000000083431a50}: 'void java.lang.invoke.DirectMethodHandle$Holder.invokeStaticInit(java.lang.Object)'> (0x0000000083431a50) 
thrown [s\src\hotspot\share\interpreter\linkResolver.cpp, line 771]
Event: 3.120 Thread 0x000001f2cd965da0 Exception <a 'java/lang/NoSuchMethodError'{0x00000000834dfea0}: 'java.lang.Object java.lang.invoke.DirectMethodHandle$Holder.newInvokeSpecial(java.lang.Object, java.lang.Object, java.lang.Object, int)'> (0x00000000834dfea0) 
thrown [s\src\hotspot\share\interpreter\linkResolver.cpp, line 771]
Event: 3.121 Thread 0x000001f2cd965da0 Exception <a 'java/lang/NoSuchMethodError'{0x00000000834e47d0}: 'java.lang.Object java.lang.invoke.DirectMethodHandle$Holder.invokeSpecial(java.lang.Object, java.lang.Object, java.lang.Object, java.lang.Object, int)'> (0x00000000834e47d0) 
thrown [s\src\hotspot\share\interpreter\linkResolver.cpp, line 771]
Event: 3.121 Thread 0x000001f2cd965da0 Exception <a 'java/lang/NoSuchMethodError'{0x00000000834e88e8}: 'java.lang.Object java.lang.invoke.Invokers$Holder.linkToTargetMethod(java.lang.Object, java.lang.Object, int, java.lang.Object)'> (0x00000000834e88e8) 
thrown [s\src\hotspot\share\interpreter\linkResolver.cpp, line 771]
Event: 4.142 Thread 0x000001f2cd965da0 Exception <a 'java/lang/NoSuchMethodError'{0x00000000825314a0}: 'int java.lang.invoke.DirectMethodHandle$Holder.invokeSpecialIFC(java.lang.Object, java.lang.Object, java.lang.Object, java.lang.Object)'> (0x00000000825314a0) 
thrown [s\src\hotspot\share\interpreter\linkResolver.cpp, line 771]
Event: 4.146 Thread 0x000001f2cd965da0 Exception <a 'java/lang/NoSuchMethodError'{0x00000000825404f8}: 'java.lang.Object java.lang.invoke.DirectMethodHandle$Holder.invokeInterface(java.lang.Object, java.lang.Object, java.lang.Object)'> (0x00000000825404f8) 
thrown [s\src\hotspot\share\interpreter\linkResolver.cpp, line 771]
Event: 4.146 Thread 0x000001f2cd965da0 Exception <a 'java/lang/IncompatibleClassChangeError'{0x0000000082544110}: Found class java.lang.Object, but interface was expected> (0x0000000082544110) 
thrown [s\src\hotspot\share\interpreter\linkResolver.cpp, line 838]
Event: 4.172 Thread 0x000001f2cd965da0 Exception <a 'java/lang/NoSuchMethodError'{0x000000008243b278}: 'int java.lang.invoke.DirectMethodHandle$Holder.invokeStatic(java.lang.Object, java.lang.Object, java.lang.Object, java.lang.Object)'> (0x000000008243b278) 
thrown [s\src\hotspot\share\interpreter\linkResolver.cpp, line 771]
Event: 4.173 Thread 0x000001f2cd965da0 Exception <a 'java/lang/NoSuchMethodError'{0x000000008243eea0}: 'java.lang.Object java.lang.invoke.Invokers$Holder.invokeExact_MT(java.lang.Object, java.lang.Object, java.lang.Object, java.lang.Object, java.lang.Object, java.lang.Object)'> (0x000000008243eea0) 
thrown [s\src\hotspot\share\interpreter\linkResolver.cpp, line 771]
Event: 4.257 Thread 0x000001f2cd965da0 Exception <a 'java/lang/NoSuchMethodError'{0x00000000821fa390}: 'java.lang.Object java.lang.invoke.DirectMethodHandle$Holder.invokeSpecial(java.lang.Object, java.lang.Object, java.lang.Object, java.lang.Object, java.lang.Object, java.lang.Object, java.lang.Object, java.lang.Object, java.lang.Object)'> (0x00000000821fa390) 
thrown [s\src\hotspot\share\interpreter\linkResolver.cpp, line 771]
Event: 4.371 Thread 0x000001f2cd965da0 Exception <a 'java/lang/NoSuchMethodError'{0x0000000081be3b10}: 'java.lang.Object java.lang.invoke.DirectMethodHandle$Holder.invokeVirtual(java.lang.Object, java.lang.Object, java.lang.Object, java.lang.Object)'> (0x0000000081be3b10) 
thrown [s\src\hotspot\share\interpreter\linkResolver.cpp, line 771]
Event: 4.412 Thread 0x000001f2cd965da0 Exception <a 'java/lang/NoSuchMethodError'{0x0000000084d47898}: 'java.lang.Object java.lang.invoke.DirectMethodHandle$Holder.newInvokeSpecial(java.lang.Object, java.lang.Object, java.lang.Object, java.lang.Object, java.lang.Object, java.lang.Object, java.lang.Object)'> (0x0000000084d47898) 
thrown [s\src\hotspot\share\interpreter\linkResolver.cpp, line 771]
Event: 4.413 Thread 0x000001f2cd965da0 Exception <a 'java/lang/NoSuchMethodError'{0x0000000084d5fbd8}: 'java.lang.Object java.lang.invoke.Invokers$Holder.linkToTargetMethod(java.lang.Object, java.lang.Object, java.lang.Object, java.lang.Object, java.lang.Object, java.lang.Object, java.lang.Object)'> (0x0000000084d5fbd8) 
thrown [s\src\hotspot\share\interpreter\linkResolver.cpp, line 771]
Event: 4.573 Thread 0x000001f2cd965da0 Implicit null exception at 0x000001f2b8c86a60 to 0x000001f2b8c86afa
Event: 4.858 Thread 0x000001f2cd965da0 Exception <a 'java/lang/NoSuchMethodError'{0x00000000831d8320}: 'void java.lang.invoke.DirectMethodHandle$Holder.invokeStatic(java.lang.Object, java.lang.Object, java.lang.Object, java.lang.Object)'> (0x00000000831d8320) 
thrown [s\src\hotspot\share\interpreter\linkResolver.cpp, line 771]
Event: 4.860 Thread 0x000001f2cd965da0 Exception <a 'java/lang/NoSuchMethodError'{0x00000000831eca70}: 'int java.lang.invoke.DirectMethodHandle$Holder.invokeVirtual(java.lang.Object, java.lang.Object)'> (0x00000000831eca70) 
thrown [s\src\hotspot\share\interpreter\linkResolver.cpp, line 771]
Event: 4.863 Thread 0x000001f2cd965da0 Exception <a 'java/lang/NoSuchMethodError'{0x0000000083005fe8}: 'java.lang.Object java.lang.invoke.DirectMethodHandle$Holder.invokeStaticInit(java.lang.Object, java.lang.Object, java.lang.Object)'> (0x0000000083005fe8) 
thrown [s\src\hotspot\share\interpreter\linkResolver.cpp, line 771]
Event: 4.866 Thread 0x000001f2cd965da0 Exception <a 'java/lang/NoSuchMethodError'{0x000000008302d1b8}: 'int java.lang.invoke.DirectMethodHandle$Holder.invokeVirtual(java.lang.Object, java.lang.Object, java.lang.Object)'> (0x000000008302d1b8) 
thrown [s\src\hotspot\share\interpreter\linkResolver.cpp, line 771]
Event: 5.073 Thread 0x000001f2cd965da0 Exception <a 'java/lang/NoSuchMethodError'{0x0000000084dfab68}: 'java.lang.Object java.lang.invoke.DirectMethodHandle$Holder.invokeSpecialIFC(java.lang.Object, java.lang.Object, java.lang.Object, java.lang.Object)'> (0x0000000084dfab68) 
thrown [s\src\hotspot\share\interpreter\linkResolver.cpp, line 771]

VM Operations (20 events):
Event: 2.701 Executing VM operation: Cleanup
Event: 2.701 Executing VM operation: Cleanup done
Event: 2.717 Executing VM operation: CollectForMetadataAllocation
Event: 2.735 Executing VM operation: CollectForMetadataAllocation done
Event: 2.741 Executing VM operation: G1Concurrent
Event: 2.743 Executing VM operation: G1Concurrent done
Event: 2.744 Executing VM operation: G1Concurrent
Event: 2.749 Executing VM operation: G1Concurrent done
Event: 3.759 Executing VM operation: Cleanup
Event: 3.759 Executing VM operation: Cleanup done
Event: 3.880 Executing VM operation: HandshakeAllThreads
Event: 3.880 Executing VM operation: HandshakeAllThreads done
Event: 3.880 Executing VM operation: HandshakeAllThreads
Event: 3.880 Executing VM operation: HandshakeAllThreads done
Event: 4.374 Executing VM operation: G1CollectForAllocation
Event: 4.381 Executing VM operation: G1CollectForAllocation done
Event: 4.893 Executing VM operation: HandshakeAllThreads
Event: 4.893 Executing VM operation: HandshakeAllThreads done
Event: 5.030 Executing VM operation: G1CollectForAllocation
Event: 5.033 Executing VM operation: G1CollectForAllocation done

Events (20 events):
Event: 4.338 loading class org/xml/sax/ErrorHandler
Event: 4.338 loading class org/xml/sax/ErrorHandler done
Event: 4.764 loading class java/util/function/UnaryOperator
Event: 4.764 loading class java/util/function/UnaryOperator done
Event: 4.783 loading class java/util/concurrent/TimeoutException
Event: 4.783 loading class java/util/concurrent/TimeoutException done
Event: 4.784 loading class java/util/concurrent/CancellationException
Event: 4.784 loading class java/util/concurrent/CancellationException done
Event: 4.786 loading class java/util/ServiceConfigurationError
Event: 4.786 loading class java/util/ServiceConfigurationError done
Event: 4.814 Thread 0x000001f2cd9c5d50 Thread added: 0x000001f2cd9c5d50
Event: 4.814 loading class java/util/concurrent/locks/AbstractQueuedSynchronizer$SharedNode
Event: 4.814 loading class java/util/concurrent/locks/AbstractQueuedSynchronizer$SharedNode done
Event: 4.856 loading class java/io/InterruptedIOException
Event: 4.856 loading class java/io/InterruptedIOException done
Event: 4.859 Thread 0x000001f2cd9c4a10 Thread added: 0x000001f2cd9c4a10
Event: 4.865 loading class java/util/ArrayDeque$DeqSpliterator
Event: 4.865 loading class java/util/ArrayDeque$DeqSpliterator done
Event: 5.064 Thread 0x000001f2cd9c6220 Thread added: 0x000001f2cd9c6220
Event: 5.092 Thread 0x000001f2cd9c6bc0 Thread added: 0x000001f2cd9c6bc0


Dynamic libraries:
0x00007ff6d7e40000 - 0x00007ff6d7e4a000 	C:\Program Files\Android\Android Studio1\jbr\bin\java.exe
0x00007ff92d0d0000 - 0x00007ff92d2e7000 	C:\WINDOWS\SYSTEM32\ntdll.dll
0x00007ff92cad0000 - 0x00007ff92cb94000 	C:\WINDOWS\System32\KERNEL32.DLL
0x00007ff92a7f0000 - 0x00007ff92ab96000 	C:\WINDOWS\System32\KERNELBASE.dll
0x00007ff92ac10000 - 0x00007ff92ad21000 	C:\WINDOWS\System32\ucrtbase.dll
0x00007ff921090000 - 0x00007ff9210a7000 	C:\Program Files\Android\Android Studio1\jbr\bin\jli.dll
0x00007ff92b350000 - 0x00007ff92b4fe000 	C:\WINDOWS\System32\USER32.dll
0x00007ff92a650000 - 0x00007ff92a676000 	C:\WINDOWS\System32\win32u.dll
0x00007ff916900000 - 0x00007ff91691b000 	C:\Program Files\Android\Android Studio1\jbr\bin\VCRUNTIME140.dll
0x00007ff9155e0000 - 0x00007ff915873000 	C:\WINDOWS\WinSxS\amd64_microsoft.windows.common-controls_6595b64144ccf1df_6.0.22621.2506_none_270c5ae97388e100\COMCTL32.dll
0x00007ff92c7c0000 - 0x00007ff92c867000 	C:\WINDOWS\System32\msvcrt.dll
0x00007ff92cba0000 - 0x00007ff92cbc9000 	C:\WINDOWS\System32\GDI32.dll
0x00007ff92a530000 - 0x00007ff92a648000 	C:\WINDOWS\System32\gdi32full.dll
0x00007ff92a490000 - 0x00007ff92a52a000 	C:\WINDOWS\System32\msvcp_win.dll
0x00007ff92b070000 - 0x00007ff92b0a1000 	C:\WINDOWS\System32\IMM32.DLL
0x00007ff923230000 - 0x00007ff92323c000 	C:\Program Files\Android\Android Studio1\jbr\bin\vcruntime140_1.dll
0x00007ff916870000 - 0x00007ff9168fd000 	C:\Program Files\Android\Android Studio1\jbr\bin\msvcp140.dll
0x00007ff88c550000 - 0x00007ff88d1d0000 	C:\Program Files\Android\Android Studio1\jbr\bin\server\jvm.dll
0x00007ff92afb0000 - 0x00007ff92b063000 	C:\WINDOWS\System32\ADVAPI32.dll
0x00007ff92aea0000 - 0x00007ff92af48000 	C:\WINDOWS\System32\sechost.dll
0x00007ff92ad30000 - 0x00007ff92ad58000 	C:\WINDOWS\System32\bcrypt.dll
0x00007ff92b500000 - 0x00007ff92b617000 	C:\WINDOWS\System32\RPCRT4.dll
0x00007ff90b520000 - 0x00007ff90b529000 	C:\WINDOWS\SYSTEM32\WSOCK32.dll
0x00007ff923890000 - 0x00007ff92389a000 	C:\WINDOWS\SYSTEM32\VERSION.dll
0x00007ff921c20000 - 0x00007ff921c54000 	C:\WINDOWS\SYSTEM32\WINMM.dll
0x00007ff92ae20000 - 0x00007ff92ae91000 	C:\WINDOWS\System32\WS2_32.dll
0x00007ff9294a0000 - 0x00007ff9294b8000 	C:\WINDOWS\SYSTEM32\kernel.appcore.dll
0x00007ff9174b0000 - 0x00007ff9174ba000 	C:\Program Files\Android\Android Studio1\jbr\bin\jimage.dll
0x00007ff9276e0000 - 0x00007ff927913000 	C:\WINDOWS\SYSTEM32\DBGHELP.DLL
0x00007ff92cc20000 - 0x00007ff92cfa9000 	C:\WINDOWS\System32\combase.dll
0x00007ff92cfb0000 - 0x00007ff92d087000 	C:\WINDOWS\System32\OLEAUT32.dll
0x00007ff8f9340000 - 0x00007ff8f9372000 	C:\WINDOWS\SYSTEM32\dbgcore.DLL
0x00007ff92a410000 - 0x00007ff92a48a000 	C:\WINDOWS\System32\bcryptPrimitives.dll
0x00007ff926b20000 - 0x00007ff926b2e000 	C:\Program Files\Android\Android Studio1\jbr\bin\instrument.dll
0x00007ff8954d0000 - 0x00007ff8954f5000 	C:\Program Files\Android\Android Studio1\jbr\bin\java.dll
0x00007ff8969a0000 - 0x00007ff8969b8000 	C:\Program Files\Android\Android Studio1\jbr\bin\zip.dll
0x00007ff92bef0000 - 0x00007ff92c74b000 	C:\WINDOWS\System32\SHELL32.dll
0x00007ff928330000 - 0x00007ff928c26000 	C:\WINDOWS\SYSTEM32\windows.storage.dll
0x00007ff9281f0000 - 0x00007ff92832e000 	C:\WINDOWS\SYSTEM32\wintypes.dll
0x00007ff92bc00000 - 0x00007ff92bcf3000 	C:\WINDOWS\System32\SHCORE.dll
0x00007ff92af50000 - 0x00007ff92afae000 	C:\WINDOWS\System32\shlwapi.dll
0x00007ff92a340000 - 0x00007ff92a366000 	C:\WINDOWS\SYSTEM32\profapi.dll
0x00007ff890ff0000 - 0x00007ff891009000 	C:\Program Files\Android\Android Studio1\jbr\bin\net.dll
0x00007ff9238c0000 - 0x00007ff9239f7000 	C:\WINDOWS\SYSTEM32\WINHTTP.dll
0x00007ff929980000 - 0x00007ff9299e9000 	C:\WINDOWS\system32\mswsock.dll
0x00007ff890fd0000 - 0x00007ff890fe6000 	C:\Program Files\Android\Android Studio1\jbr\bin\nio.dll
0x00007ff8ef990000 - 0x00007ff8ef9a0000 	C:\Program Files\Android\Android Studio1\jbr\bin\verify.dll
0x00007ff916920000 - 0x00007ff916947000 	C:\Users\tt_pe\.gradle\native\68d5fa5c4cc2d200863cafc0d521ce42e7d3e7ee720ec0a83991735586a16f82\windows-amd64\native-platform.dll
0x00007ff8ce010000 - 0x00007ff8ce154000 	C:\Users\tt_pe\.gradle\native\e376f236ea51e6404a007f0833ffe2c6e607c4080706a723a18a27aeea778392\windows-amd64\native-platform-file-events.dll
0x00007ff8ef630000 - 0x00007ff8ef639000 	C:\Program Files\Android\Android Studio1\jbr\bin\management.dll
0x00007ff8ef1d0000 - 0x00007ff8ef1db000 	C:\Program Files\Android\Android Studio1\jbr\bin\management_ext.dll
0x00007ff92c7b0000 - 0x00007ff92c7b8000 	C:\WINDOWS\System32\PSAPI.DLL
0x00007ff929bc0000 - 0x00007ff929bdb000 	C:\WINDOWS\SYSTEM32\CRYPTSP.dll
0x00007ff929460000 - 0x00007ff929495000 	C:\WINDOWS\system32\rsaenh.dll
0x00007ff929a40000 - 0x00007ff929a6c000 	C:\WINDOWS\SYSTEM32\USERENV.dll
0x00007ff929bb0000 - 0x00007ff929bbc000 	C:\WINDOWS\SYSTEM32\CRYPTBASE.dll
0x00007ff928f00000 - 0x00007ff928f2d000 	C:\WINDOWS\SYSTEM32\IPHLPAPI.DLL
0x00007ff92ca30000 - 0x00007ff92ca39000 	C:\WINDOWS\System32\NSI.dll
0x00007ff9231b0000 - 0x00007ff9231c9000 	C:\WINDOWS\SYSTEM32\dhcpcsvc6.DLL
0x00007ff9238a0000 - 0x00007ff9238bf000 	C:\WINDOWS\SYSTEM32\dhcpcsvc.DLL
0x00007ff928f70000 - 0x00007ff929069000 	C:\WINDOWS\SYSTEM32\DNSAPI.dll
0x00007ff916190000 - 0x00007ff916198000 	C:\WINDOWS\system32\wshunix.dll

dbghelp: loaded successfully - version: 4.0.5 - missing functions: none
symbol engine: initialized successfully - sym options: 0x614 - pdb path: .;C:\Program Files\Android\Android Studio1\jbr\bin;C:\WINDOWS\SYSTEM32;C:\WINDOWS\WinSxS\amd64_microsoft.windows.common-controls_6595b64144ccf1df_6.0.22621.2506_none_270c5ae97388e100;C:\Program Files\Android\Android Studio1\jbr\bin\server;C:\Users\tt_pe\.gradle\native\68d5fa5c4cc2d200863cafc0d521ce42e7d3e7ee720ec0a83991735586a16f82\windows-amd64;C:\Users\tt_pe\.gradle\native\e376f236ea51e6404a007f0833ffe2c6e607c4080706a723a18a27aeea778392\windows-amd64

VM Arguments:
jvm_args: --add-opens=java.base/java.util=ALL-UNNAMED --add-opens=java.base/java.lang=ALL-UNNAMED --add-opens=java.base/java.lang.invoke=ALL-UNNAMED --add-opens=java.prefs/java.util.prefs=ALL-UNNAMED --add-opens=java.base/java.nio.charset=ALL-UNNAMED --add-opens=java.base/java.net=ALL-UNNAMED --add-opens=java.base/java.util.concurrent.atomic=ALL-UNNAMED -Xmx2048m -Dfile.encoding=UTF-8 -Duser.country=US -Duser.language=en -Duser.variant -javaagent:C:\Users\tt_pe\.gradle\wrapper\dists\gradle-8.2-bin\bbg7u40eoinfdyxsxr3z4i7ta\gradle-8.2\lib\agents\gradle-instrumentation-agent-8.2.jar 
java_command: org.gradle.launcher.daemon.bootstrap.GradleDaemon 8.2
java_class_path (initial): C:\Users\tt_pe\.gradle\wrapper\dists\gradle-8.2-bin\bbg7u40eoinfdyxsxr3z4i7ta\gradle-8.2\lib\gradle-launcher-8.2.jar
Launcher Type: SUN_STANDARD

[Global flags]
     intx CICompilerCount                          = 4                                         {product} {ergonomic}
     uint ConcGCThreads                            = 2                                         {product} {ergonomic}
     uint G1ConcRefinementThreads                  = 8                                         {product} {ergonomic}
   size_t G1HeapRegionSize                         = 1048576                                   {product} {ergonomic}
    uintx GCDrainStackTargetSize                   = 64                                        {product} {ergonomic}
   size_t InitialHeapSize                          = 132120576                                 {product} {ergonomic}
   size_t MarkStackSize                            = 4194304                                   {product} {ergonomic}
   size_t MaxHeapSize                              = 2147483648                                {product} {command line}
   size_t MaxNewSize                               = 1287651328                                {product} {ergonomic}
   size_t MinHeapDeltaBytes                        = 1048576                                   {product} {ergonomic}
   size_t MinHeapSize                              = 8388608                                   {product} {ergonomic}
    uintx NonNMethodCodeHeapSize                   = 5839372                                {pd product} {ergonomic}
    uintx NonProfiledCodeHeapSize                  = 122909434                              {pd product} {ergonomic}
    uintx ProfiledCodeHeapSize                     = 122909434                              {pd product} {ergonomic}
    uintx ReservedCodeCacheSize                    = 251658240                              {pd product} {ergonomic}
     bool SegmentedCodeCache                       = true                                      {product} {ergonomic}
   size_t SoftMaxHeapSize                          = 2147483648                             {manageable} {ergonomic}
     bool UseCompressedClassPointers               = true                           {product lp64_product} {ergonomic}
     bool UseCompressedOops                        = true                           {product lp64_product} {ergonomic}
     bool UseG1GC                                  = true                                      {product} {ergonomic}
     bool UseLargePagesIndividualAllocation        = false                                  {pd product} {ergonomic}

Logging:
Log output configuration:
 #0: stdout all=warning uptime,level,tags
 #1: stderr all=off uptime,level,tags

Environment Variables:
PATH=C:\Program Files\Common Files\Oracle\Java\javapath;C:\oracle\product\10.2.0\db_3\bin;C:\oracle\product\bin;C:\Users\tt_pe\Documents\bin;C:\WINDOWS\system32;C:\WINDOWS;C:\WINDOWS\System32\Wbem;C:\WINDOWS\System32\WindowsPowerShell\v1.0\;C:\WINDOWS\System32\OpenSSH\;C:\Program Files (x86)\NVIDIA Corporation\PhysX\Common;C:\Program Files\NVIDIA Corporation\NVIDIA NvDLISR;C:\Program Files\dotnet\;C:\Program Files\Java\jdk-21\bin;C:\Program Files\Git\cmd;C:\Users\tt_pe\AppData\Local\Microsoft\WindowsApps;C:\Users\tt_pe\AppData\Local\Programs\Microsoft VS Code\bin;C:\Users\tt_pe\AppData\Local\GitHubDesktop\bin
USERNAME=tt_pe
OS=Windows_NT
PROCESSOR_IDENTIFIER=Intel64 Family 6 Model 165 Stepping 2, GenuineIntel
TMP=C:\Users\tt_pe\AppData\Local\Temp
TEMP=C:\Users\tt_pe\AppData\Local\Temp


JNI global refs:
JNI global refs: 25, weak refs: 1

JNI global refs memory usage: 843, weak refs: 841

OOME stack traces (most recent first):
Classloader memory used:
Loader bootstrap                                                                       : 1855K
Loader org.gradle.internal.classloader.VisitableURLClassLoader                         : 1636K
Loader org.gradle.initialization.MixInLegacyTypesClassLoader                           : 298K
Loader jdk.internal.loader.ClassLoaders$AppClassLoader                                 : 28352B
Loader jdk.internal.loader.ClassLoaders$PlatformClassLoader                            : 14826B
Loader jdk.internal.reflect.DelegatingClassLoader                                      : 3102B

Classes loaded by more than one classloader:
Class org.gradle.internal.installation.GradleInstallation                             : loaded 2 times (x 73B)
Class org.gradle.internal.classpath.ClassPath                                         : loaded 2 times (x 68B)
Class org.gradle.api.internal.classpath.DefaultModuleRegistry                         : loaded 2 times (x 84B)
Class org.gradle.api.Action                                                           : loaded 2 times (x 68B)
Class org.gradle.api.internal.DefaultClassPathProvider                                : loaded 2 times (x 74B)
Class org.gradle.internal.installation.GradleInstallation$1                           : loaded 2 times (x 73B)
Class org.gradle.internal.classloader.FilteringClassLoader                            : loaded 2 times (x 102B)
Class org.gradle.internal.classpath.DefaultClassPath$ImmutableUniqueList$Builder      : loaded 2 times (x 73B)
Class org.gradle.internal.classloader.ClassLoaderVisitor                              : loaded 2 times (x 74B)
Class org.gradle.internal.service.DefaultServiceLocator                               : loaded 2 times (x 81B)
Class org.gradle.internal.service.UnknownServiceException                             : loaded 2 times (x 81B)
Class org.gradle.internal.classloader.DefaultClassLoaderFactory                       : loaded 2 times (x 80B)
Class org.gradle.internal.classloader.VisitableURLClassLoader$Spec                    : loaded 2 times (x 72B)
Class org.gradle.api.GradleException                                                  : loaded 2 times (x 80B)
Class org.gradle.api.internal.classpath.ModuleRegistry                                : loaded 2 times (x 68B)
Class org.gradle.api.internal.ClassPathProvider                                       : loaded 2 times (x 68B)
Class org.gradle.internal.classloader.ClasspathUtil$1                                 : loaded 2 times (x 74B)
Class org.gradle.internal.classloader.ClassLoaderFactory                              : loaded 2 times (x 68B)
Class org.gradle.api.internal.classpath.ManifestUtil                                  : loaded 2 times (x 69B)
Class org.gradle.api.specs.Spec                                                       : loaded 2 times (x 68B)
Class org.gradle.internal.IoActions                                                   : loaded 2 times (x 69B)
Class org.gradle.api.internal.classpath.EffectiveClassPath                            : loaded 2 times (x 88B)
Class org.gradle.internal.installation.CurrentGradleInstallation                      : loaded 2 times (x 71B)
Class org.gradle.internal.agents.InstrumentingClassLoader                             : loaded 2 times (x 68B)
Class org.gradle.internal.installation.CurrentGradleInstallationLocator               : loaded 2 times (x 69B)
Class org.gradle.api.internal.classpath.Module                                        : loaded 2 times (x 68B)
Class org.gradle.internal.service.CachingServiceLocator                               : loaded 2 times (x 80B)
Class org.gradle.internal.classpath.DefaultClassPath                                  : loaded 2 times (x 88B)
Class org.gradle.internal.classloader.SystemClassLoaderSpec                           : loaded 2 times (x 69B)
Class org.gradle.api.UncheckedIOException                                             : loaded 2 times (x 80B)
Class org.gradle.internal.classloader.ClasspathUtil                                   : loaded 2 times (x 69B)
Class org.gradle.api.internal.DefaultClassPathRegistry                                : loaded 2 times (x 74B)
Class org.gradle.api.internal.classpath.DefaultModuleRegistry$DefaultModule           : loaded 2 times (x 84B)
Class org.gradle.api.internal.classpath.UnknownModuleException                        : loaded 2 times (x 80B)
Class org.gradle.internal.service.ServiceLookupException                              : loaded 2 times (x 80B)
Class org.gradle.cache.GlobalCache                                                    : loaded 2 times (x 68B)
Class [Lorg.gradle.api.internal.ClassPathProvider;                                    : loaded 2 times (x 67B)
Class org.gradle.util.internal.GUtil                                                  : loaded 2 times (x 69B)
Class org.gradle.internal.classloader.ClassLoaderSpec                                 : loaded 2 times (x 69B)
Class org.gradle.internal.classloader.VisitableURLClassLoader                         : loaded 2 times (x 114B)
Class org.gradle.internal.Cast                                                        : loaded 2 times (x 69B)
Class org.gradle.api.internal.ClassPathRegistry                                       : loaded 2 times (x 68B)
Class org.gradle.internal.classloader.VisitableURLClassLoader$InstrumentingVisitableURLClassLoader: loaded 2 times (x 120B)
Class org.gradle.internal.classloader.ClassLoaderHierarchy                            : loaded 2 times (x 68B)
Class org.gradle.internal.InternalTransformer                                         : loaded 2 times (x 68B)
Class org.gradle.internal.service.ServiceLocator                                      : loaded 2 times (x 68B)
Class org.gradle.internal.classpath.DefaultClassPath$ImmutableUniqueList              : loaded 2 times (x 159B)
Class org.gradle.internal.classpath.TransformedClassPath                              : loaded 2 times (x 94B)


---------------  S Y S T E M  ---------------

OS:
 Windows 11 , 64 bit Build 22621 (10.0.22621.3085)
OS uptime: 2 days 22:29 hours
Hyper-V role detected

CPU: total 8 (initial active 8) (4 cores per cpu, 2 threads per core) family 6 model 165 stepping 2 microcode 0xe0, cx8, cmov, fxsr, ht, mmx, 3dnowpref, sse, sse2, sse3, ssse3, sse4.1, sse4.2, popcnt, lzcnt, tsc, tscinvbit, avx, avx2, aes, erms, clmul, bmi1, bmi2, adx, fma, vzeroupper, clflush, clflushopt, hv

Memory: 4k page, system-wide physical 8029M (231M free)
TotalPageFile size 32605M (AvailPageFile size 3M)
current process WorkingSet (physical memory assigned to process): 172M, peak: 173M
current process commit charge ("private bytes"): 217M, peak: 249M

vm_info: OpenJDK 64-Bit Server VM (17.0.7+0-b2043.56-10550314) for windows-amd64 JRE (17.0.7+0-b2043.56-10550314), built on Jul 24 2023 18:27:45 by "androidbuild" with MS VC++ 16.10 / 16.11 (VS2019)

END.
